<?xml version="1.0" encoding="UTF-8"?>
<!-- Generated by org.testng.reporters.JUnitReportReporter -->
<testsuite hostname="LAPTOP-944629NT" failures="0" tests="1" name="org.TestngPrac.SeleniumBasicCodes.NavigationCode" time="18.123" errors="0" timestamp="2022-04-01T19:04:13 IST" skipped="0">
  <testcase classname="org.TestngPrac.SeleniumBasicCodes.NavigationCode" name="navigatingBackAndForward" time="18.123"/>
  <system-out/>
</testsuite> <!-- org.TestngPrac.SeleniumBasicCodes.NavigationCode -->
