<?xml version="1.0" encoding="UTF-8"?>
<!-- Generated by org.testng.reporters.JUnitReportReporter -->
<testsuite hostname="LAPTOP-944629NT" failures="0" tests="1" name="HelloSelenium" time="0.008" errors="0" timestamp="2022-03-30T12:52:07 IST" skipped="0">
  <testcase classname="HelloSelenium" name="hello" time="0.008"/>
  <system-out/>
</testsuite> <!-- HelloSelenium -->
