<?xml version="1.0" encoding="UTF-8"?>
<!-- Generated by org.testng.reporters.JUnitReportReporter -->
<testsuite hostname="LAPTOP-944629NT" failures="0" tests="1" name="org.TestngPrac.GoogleTest" time="7.193" errors="0" timestamp="2022-03-30T13:15:19 IST" skipped="0">
  <testcase classname="org.TestngPrac.GoogleTest" name="testGoogleSearch" time="7.193"/>
  <system-out/>
</testsuite> <!-- org.TestngPrac.GoogleTest -->
